[07:55:26] [main/INFO] [LaunchWrapper]: Loading tweak class name net.minecraftforge.fml.common.launcher.FMLServerTweaker
[07:55:26] [main/INFO] [LaunchWrapper]: Using primary tweak class name net.minecraftforge.fml.common.launcher.FMLServerTweaker
[07:55:26] [main/INFO] [LaunchWrapper]: Calling tweak class net.minecraftforge.fml.common.launcher.FMLServerTweaker
[07:55:26] [main/INFO] [FML]: Forge Mod Loader version 14.23.5.2768 for Minecraft 1.12.2 loading
[07:55:26] [main/INFO] [FML]: Java is OpenJDK 64-Bit Server VM, version 1.8.0_232, running on Linux:amd64:5.0.0-1028-gcp, installed at /usr/lib/jvm/java-8-openjdk-amd64/jre
[07:55:26] [main/INFO] [FML]: Searching /home/minecraft/minecraftFTB/./mods for mods
[07:55:26] [main/INFO] [FML]: Searching /home/minecraft/minecraftFTB/./mods/1.12.2 for mods
[07:55:26] [main/INFO] [FML]: Loading tweaker codechicken.asm.internal.Tweaker from ChickenASM-1.12-1.0.2.7.jar
[07:55:26] [main/INFO] [LaunchWrapper]: Loading tweak class name net.minecraftforge.fml.common.launcher.FMLInjectionAndSortingTweaker
[07:55:26] [main/INFO] [LaunchWrapper]: Loading tweak class name codechicken.asm.internal.Tweaker
[07:55:26] [main/INFO] [LaunchWrapper]: Loading tweak class name net.minecraftforge.fml.common.launcher.FMLDeobfTweaker
[07:55:26] [main/INFO] [LaunchWrapper]: Calling tweak class net.minecraftforge.fml.common.launcher.FMLInjectionAndSortingTweaker
[07:55:26] [main/INFO] [LaunchWrapper]: Calling tweak class net.minecraftforge.fml.common.launcher.FMLInjectionAndSortingTweaker
[07:55:26] [main/INFO] [LaunchWrapper]: Calling tweak class net.minecraftforge.fml.relauncher.CoreModManager$FMLPluginWrapper
[07:55:28] [main/INFO] [FML]: Found valid fingerprint for Minecraft Forge. Certificate fingerprint e3c3d50c7c986df74c645c0ac54639741c90a557
[07:55:28] [main/INFO] [LaunchWrapper]: Calling tweak class net.minecraftforge.fml.relauncher.CoreModManager$FMLPluginWrapper
[07:55:28] [main/INFO] [LaunchWrapper]: Calling tweak class codechicken.asm.internal.Tweaker
[07:55:28] [main/INFO] [STDOUT]: [codechicken.asm.internal.Tweaker:injectIntoClassLoader:30]: false
[07:55:28] [main/INFO] [LaunchWrapper]: Calling tweak class net.minecraftforge.fml.common.launcher.FMLDeobfTweaker
[07:55:28] [main/INFO] [LaunchWrapper]: Loading tweak class name net.minecraftforge.fml.common.launcher.TerminalTweaker
[07:55:28] [main/INFO] [LaunchWrapper]: Calling tweak class net.minecraftforge.fml.common.launcher.TerminalTweaker
[07:55:28] [main/INFO] [LaunchWrapper]: Launching wrapped minecraft {net.minecraft.server.MinecraftServer}
[07:55:32] [Server thread/INFO] [net.minecraft.server.dedicated.DedicatedServer]: Starting minecraft server version 1.12.2
[07:55:32] [Server thread/INFO] [FML]: MinecraftForge v14.23.5.2768 Initialized
[07:55:32] [Server thread/INFO] [FML]: Starts to replace vanilla recipe ingredients with ore ingredients.
[07:55:32] [Server thread/INFO] [FML]: Replaced 1036 ore ingredients
[07:55:33] [Server thread/INFO] [FML]: Searching /home/minecraft/minecraftFTB/./mods for mods
[07:55:33] [Server thread/INFO] [FML]: Searching /home/minecraft/minecraftFTB/./mods/1.12.2 for mods
[07:55:33] [Server thread/INFO] [FML]: Disabling mod ftblaunchernotifier it is client side only.
[07:55:33] [Server thread/INFO] [FML]: Forge Mod Loader has identified 5 mods to load
[07:55:33] [Server thread/WARN] [FML]: Missing English translation for FML: assets/fml/lang/en_us.lang
[07:55:33] [Server thread/FATAL] [FML]: net.minecraftforge.fml.common.MissingModsException: Mod extracells (Extra Cells 2) requires [appliedenergistics2]
[07:55:33] [Server thread/ERROR] [net.minecraft.server.MinecraftServer]: Encountered an unexpected exception
net.minecraftforge.fml.common.MissingModsException: Mod extracells (Extra Cells 2) requires [appliedenergistics2]
	at net.minecraftforge.fml.common.Loader.sortModList(Loader.java:264) ~[Loader.class:?]
	at net.minecraftforge.fml.common.Loader.loadMods(Loader.java:570) ~[Loader.class:?]
	at net.minecraftforge.fml.server.FMLServerHandler.beginServerLoading(FMLServerHandler.java:98) ~[FMLServerHandler.class:?]
	at net.minecraftforge.fml.common.FMLCommonHandler.onServerStart(FMLCommonHandler.java:333) ~[FMLCommonHandler.class:?]
	at net.minecraft.server.dedicated.DedicatedServer.func_71197_b(DedicatedServer.java:125) ~[nz.class:?]
	at net.minecraft.server.MinecraftServer.run(MinecraftServer.java:486) [MinecraftServer.class:?]
	at java.lang.Thread.run(Thread.java:748) [?:1.8.0_232]
[07:55:33] [Server thread/ERROR] [net.minecraft.server.MinecraftServer]: This crash report has been saved to: /home/minecraft/minecraftFTB/./crash-reports/crash-2020-02-03_07.55.33-server.txt
[07:55:33] [Server thread/INFO] [net.minecraft.server.MinecraftServer]: Stopping server
[07:55:33] [Server thread/INFO] [net.minecraft.server.MinecraftServer]: Saving worlds
[07:55:33] [Server thread/INFO] [FML]: The state engine was in incorrect state CONSTRUCTING and forced into state SERVER_STOPPED. Errors may have been discarded.
[07:55:33] [Server Shutdown Thread/INFO] [net.minecraft.server.MinecraftServer]: Stopping server
